<?xml version="1.0" encoding="UTF-8"?>
<!-- Generated by org.testng.reporters.JUnitXMLReporter -->
<testsuite ignored="0" hostname="BUH-M-TQDFVH" failures="0" tests="4" name="Default test" time="0.051" errors="0" timestamp="17 Sep 2019 09:08:05 GMT">
  <testcase classname="GoProTests.RoTest" name="@BeforeTest opensite" time="0.0">
    <failure type="org.testng.TestNGException" message="
Parameter &amp;apos;Country&amp;apos; is required by BeforeTest on method opensite but has not been marked @Optional or defined
in /private/var/folders/yp/16sjw5xj31ldxz3w09zt0g780000gn/T/testng-eclipse--1395536791/testng-customsuite.xml">
      <![CDATA[org.testng.TestNGException: 
Parameter 'Country' is required by BeforeTest on method opensite but has not been marked @Optional or defined
in /private/var/folders/yp/16sjw5xj31ldxz3w09zt0g780000gn/T/testng-eclipse--1395536791/testng-customsuite.xml
at org.testng.internal.Parameters.createParams(Parameters.java:290)
at org.testng.internal.Parameters.createParametersForMethod(Parameters.java:359)
at org.testng.internal.Parameters.createParameters(Parameters.java:620)
at org.testng.internal.Parameters.createConfigurationParameters(Parameters.java:190)
at org.testng.internal.Invoker.invokeConfigurations(Invoker.java:209)
at org.testng.internal.Invoker.invokeConfigurations(Invoker.java:142)
at org.testng.TestRunner.beforeRun(TestRunner.java:529)
at org.testng.TestRunner.run(TestRunner.java:497)
at org.testng.SuiteRunner.runTest(SuiteRunner.java:455)
at org.testng.SuiteRunner.runSequentially(SuiteRunner.java:450)
at org.testng.SuiteRunner.privateRun(SuiteRunner.java:415)
at org.testng.SuiteRunner.run(SuiteRunner.java:364)
at org.testng.SuiteRunnerWorker.runSuite(SuiteRunnerWorker.java:52)
at org.testng.SuiteRunnerWorker.run(SuiteRunnerWorker.java:84)
at org.testng.TestNG.runSuitesSequentially(TestNG.java:1208)
at org.testng.TestNG.runSuitesLocally(TestNG.java:1137)
at org.testng.TestNG.runSuites(TestNG.java:1049)
at org.testng.TestNG.run(TestNG.java:1017)
at org.testng.remote.AbstractRemoteTestNG.run(AbstractRemoteTestNG.java:115)
at org.testng.remote.RemoteTestNG.initAndRun(RemoteTestNG.java:251)
at org.testng.remote.RemoteTestNG.main(RemoteTestNG.java:77)
]]>
    </failure>
  </testcase> <!-- @BeforeTest opensite -->
  <testcase classname="GoProTests.RoTest" name="addcamera" time="0.0">
    <skipped/>
  </testcase> <!-- addcamera -->
  <testcase classname="GoProTests.RoTest" name="remove1stcamera" time="0.0">
    <skipped/>
  </testcase> <!-- remove1stcamera -->
  <testcase classname="GoProTests.RoTest" name="remove2ndcamera" time="0.0">
    <skipped/>
  </testcase> <!-- remove2ndcamera -->
  <testcase classname="GoProTests.RoTest" name="negativetesting" time="0.0">
    <skipped/>
  </testcase> <!-- negativetesting -->
</testsuite> <!-- Default test -->
