<html>
<head>
<title>TestNG:  exampletest1</title>
<link href="../testng.css" rel="stylesheet" type="text/css" />
<link href="../my-testng.css" rel="stylesheet" type="text/css" />

<style type="text/css">
.log { display: none;} 
.stack-trace { display: none;} 
</style>
<script type="text/javascript">
<!--
function flip(e) {
  current = e.style.display;
  if (current == 'block') {
    e.style.display = 'none';
    return 0;
  }
  else {
    e.style.display = 'block';
    return 1;
  }
}

function toggleBox(szDivId, elem, msg1, msg2)
{
  var res = -1;  if (document.getElementById) {
    res = flip(document.getElementById(szDivId));
  }
  else if (document.all) {
    // this is the way old msie versions work
    res = flip(document.all[szDivId]);
  }
  if(elem) {
    if(res == 0) elem.innerHTML = msg1; else elem.innerHTML = msg2;
  }

}

function toggleAllBoxes() {
  if (document.getElementsByTagName) {
    d = document.getElementsByTagName('div');
    for (i = 0; i < d.length; i++) {
      if (d[i].className == 'log') {
        flip(d[i]);
      }
    }
  }
}

// -->
</script>

</head>
<body>
<h2 align='center'>exampletest1</h2><table border='1' align="center">
<tr>
<td>Tests passed/Failed/Skipped:</td><td>12/4/0</td>
</tr><tr>
<td>Started on:</td><td>Fri Aug 30 15:48:30 EEST 2019</td>
</tr>
<tr><td>Total time:</td><td>126 seconds (126669 ms)</td>
</tr><tr>
<td>Included groups:</td><td></td>
</tr><tr>
<td>Excluded groups:</td><td></td>
</tr>
</table><p/>
<small><i>(Hover the method name to see the test class name)</i></small><p/>
<table width='100%' border='1' class='invocation-failed'>
<tr><td colspan='4' align='center'><b>FAILED TESTS</b></td></tr>
<tr><td><b>Test method</b></td>
<td width="30%"><b>Exception</b></td>
<td width="10%"><b>Time (seconds)</b></td>
<td><b>Instance</b></td>
</tr>
<tr>
<td title='GoProTests.RoTest.negativetesting()'><b>negativetesting</b><br>Test class: GoProTests.RoTest</td>
<td><div><pre>java.lang.AssertionError: expected [false] but found [true]
	at GoProTests.RoTest.negativetesting(RoTest.java:82)
	at java.base/java.util.concurrent.ThreadPoolExecutor.runWorker(ThreadPoolExecutor.java:1128)
	at java.base/java.util.concurrent.ThreadPoolExecutor$Worker.run(ThreadPoolExecutor.java:628)
	at java.base/java.lang.Thread.run(Thread.java:835)
... Removed 14 stack frames</pre></div><a href='#' onClick='toggleBox("stack-trace1711220003", this, "Click to show all stack frames", "Click to hide stack frames")'>Click to show all stack frames</a>
<div class='stack-trace' id='stack-trace1711220003'><pre>java.lang.AssertionError: expected [false] but found [true]
	at org.testng.Assert.fail(Assert.java:96)
	at org.testng.Assert.failNotEquals(Assert.java:776)
	at org.testng.Assert.assertFalse(Assert.java:65)
	at org.testng.Assert.assertFalse(Assert.java:75)
	at GoProTests.RoTest.negativetesting(RoTest.java:82)
	at java.base/jdk.internal.reflect.NativeMethodAccessorImpl.invoke0(Native Method)
	at java.base/jdk.internal.reflect.NativeMethodAccessorImpl.invoke(NativeMethodAccessorImpl.java:62)
	at java.base/jdk.internal.reflect.DelegatingMethodAccessorImpl.invoke(DelegatingMethodAccessorImpl.java:43)
	at java.base/java.lang.reflect.Method.invoke(Method.java:567)
	at org.testng.internal.MethodInvocationHelper.invokeMethod(MethodInvocationHelper.java:124)
	at org.testng.internal.Invoker.invokeMethod(Invoker.java:583)
	at org.testng.internal.Invoker.invokeTestMethod(Invoker.java:719)
	at org.testng.internal.Invoker.invokeTestMethods(Invoker.java:989)
	at org.testng.internal.TestMethodWorker.invokeTestMethods(TestMethodWorker.java:125)
	at org.testng.internal.TestMethodWorker.run(TestMethodWorker.java:109)
	at java.base/java.util.concurrent.ThreadPoolExecutor.runWorker(ThreadPoolExecutor.java:1128)
	at java.base/java.util.concurrent.ThreadPoolExecutor$Worker.run(ThreadPoolExecutor.java:628)
	at java.base/java.lang.Thread.run(Thread.java:835)
</pre></div></td>
<td>13</td>
<td>GoProTests.RoTest@1951b871</td></tr>
<tr>
<td title='GoProTests.ITtest.negativetesting()'><b>negativetesting</b><br>Test class: GoProTests.ITtest</td>
<td><div><pre>java.lang.AssertionError: expected [false] but found [true]
	at GoProTests.ITtest.negativetesting(ITtest.java:83)
	at java.base/java.util.concurrent.ThreadPoolExecutor.runWorker(ThreadPoolExecutor.java:1128)
	at java.base/java.util.concurrent.ThreadPoolExecutor$Worker.run(ThreadPoolExecutor.java:628)
	at java.base/java.lang.Thread.run(Thread.java:835)
... Removed 14 stack frames</pre></div><a href='#' onClick='toggleBox("stack-trace237198142", this, "Click to show all stack frames", "Click to hide stack frames")'>Click to show all stack frames</a>
<div class='stack-trace' id='stack-trace237198142'><pre>java.lang.AssertionError: expected [false] but found [true]
	at org.testng.Assert.fail(Assert.java:96)
	at org.testng.Assert.failNotEquals(Assert.java:776)
	at org.testng.Assert.assertFalse(Assert.java:65)
	at org.testng.Assert.assertFalse(Assert.java:75)
	at GoProTests.ITtest.negativetesting(ITtest.java:83)
	at java.base/jdk.internal.reflect.NativeMethodAccessorImpl.invoke0(Native Method)
	at java.base/jdk.internal.reflect.NativeMethodAccessorImpl.invoke(NativeMethodAccessorImpl.java:62)
	at java.base/jdk.internal.reflect.DelegatingMethodAccessorImpl.invoke(DelegatingMethodAccessorImpl.java:43)
	at java.base/java.lang.reflect.Method.invoke(Method.java:567)
	at org.testng.internal.MethodInvocationHelper.invokeMethod(MethodInvocationHelper.java:124)
	at org.testng.internal.Invoker.invokeMethod(Invoker.java:583)
	at org.testng.internal.Invoker.invokeTestMethod(Invoker.java:719)
	at org.testng.internal.Invoker.invokeTestMethods(Invoker.java:989)
	at org.testng.internal.TestMethodWorker.invokeTestMethods(TestMethodWorker.java:125)
	at org.testng.internal.TestMethodWorker.run(TestMethodWorker.java:109)
	at java.base/java.util.concurrent.ThreadPoolExecutor.runWorker(ThreadPoolExecutor.java:1128)
	at java.base/java.util.concurrent.ThreadPoolExecutor$Worker.run(ThreadPoolExecutor.java:628)
	at java.base/java.lang.Thread.run(Thread.java:835)
</pre></div></td>
<td>14</td>
<td>GoProTests.ITtest@43aaf813</td></tr>
<tr>
<td title='GoProTests.EStest.negativetesting()'><b>negativetesting</b><br>Test class: GoProTests.EStest</td>
<td><div><pre>java.lang.AssertionError: expected [false] but found [true]
	at GoProTests.EStest.negativetesting(EStest.java:82)
	at java.base/java.util.concurrent.ThreadPoolExecutor.runWorker(ThreadPoolExecutor.java:1128)
	at java.base/java.util.concurrent.ThreadPoolExecutor$Worker.run(ThreadPoolExecutor.java:628)
	at java.base/java.lang.Thread.run(Thread.java:835)
... Removed 14 stack frames</pre></div><a href='#' onClick='toggleBox("stack-trace1514917229", this, "Click to show all stack frames", "Click to hide stack frames")'>Click to show all stack frames</a>
<div class='stack-trace' id='stack-trace1514917229'><pre>java.lang.AssertionError: expected [false] but found [true]
	at org.testng.Assert.fail(Assert.java:96)
	at org.testng.Assert.failNotEquals(Assert.java:776)
	at org.testng.Assert.assertFalse(Assert.java:65)
	at org.testng.Assert.assertFalse(Assert.java:75)
	at GoProTests.EStest.negativetesting(EStest.java:82)
	at java.base/jdk.internal.reflect.NativeMethodAccessorImpl.invoke0(Native Method)
	at java.base/jdk.internal.reflect.NativeMethodAccessorImpl.invoke(NativeMethodAccessorImpl.java:62)
	at java.base/jdk.internal.reflect.DelegatingMethodAccessorImpl.invoke(DelegatingMethodAccessorImpl.java:43)
	at java.base/java.lang.reflect.Method.invoke(Method.java:567)
	at org.testng.internal.MethodInvocationHelper.invokeMethod(MethodInvocationHelper.java:124)
	at org.testng.internal.Invoker.invokeMethod(Invoker.java:583)
	at org.testng.internal.Invoker.invokeTestMethod(Invoker.java:719)
	at org.testng.internal.Invoker.invokeTestMethods(Invoker.java:989)
	at org.testng.internal.TestMethodWorker.invokeTestMethods(TestMethodWorker.java:125)
	at org.testng.internal.TestMethodWorker.run(TestMethodWorker.java:109)
	at java.base/java.util.concurrent.ThreadPoolExecutor.runWorker(ThreadPoolExecutor.java:1128)
	at java.base/java.util.concurrent.ThreadPoolExecutor$Worker.run(ThreadPoolExecutor.java:628)
	at java.base/java.lang.Thread.run(Thread.java:835)
</pre></div></td>
<td>31</td>
<td>GoProTests.EStest@5c18016b</td></tr>
<tr>
<td title='GoProTests.DEtests.negativetesting()'><b>negativetesting</b><br>Test class: GoProTests.DEtests</td>
<td><div><pre>java.lang.AssertionError: expected [false] but found [true]
	at GoProTests.DEtests.negativetesting(DEtests.java:80)
	at java.base/java.util.concurrent.ThreadPoolExecutor.runWorker(ThreadPoolExecutor.java:1128)
	at java.base/java.util.concurrent.ThreadPoolExecutor$Worker.run(ThreadPoolExecutor.java:628)
	at java.base/java.lang.Thread.run(Thread.java:835)
... Removed 14 stack frames</pre></div><a href='#' onClick='toggleBox("stack-trace948276161", this, "Click to show all stack frames", "Click to hide stack frames")'>Click to show all stack frames</a>
<div class='stack-trace' id='stack-trace948276161'><pre>java.lang.AssertionError: expected [false] but found [true]
	at org.testng.Assert.fail(Assert.java:96)
	at org.testng.Assert.failNotEquals(Assert.java:776)
	at org.testng.Assert.assertFalse(Assert.java:65)
	at org.testng.Assert.assertFalse(Assert.java:75)
	at GoProTests.DEtests.negativetesting(DEtests.java:80)
	at java.base/jdk.internal.reflect.NativeMethodAccessorImpl.invoke0(Native Method)
	at java.base/jdk.internal.reflect.NativeMethodAccessorImpl.invoke(NativeMethodAccessorImpl.java:62)
	at java.base/jdk.internal.reflect.DelegatingMethodAccessorImpl.invoke(DelegatingMethodAccessorImpl.java:43)
	at java.base/java.lang.reflect.Method.invoke(Method.java:567)
	at org.testng.internal.MethodInvocationHelper.invokeMethod(MethodInvocationHelper.java:124)
	at org.testng.internal.Invoker.invokeMethod(Invoker.java:583)
	at org.testng.internal.Invoker.invokeTestMethod(Invoker.java:719)
	at org.testng.internal.Invoker.invokeTestMethods(Invoker.java:989)
	at org.testng.internal.TestMethodWorker.invokeTestMethods(TestMethodWorker.java:125)
	at org.testng.internal.TestMethodWorker.run(TestMethodWorker.java:109)
	at java.base/java.util.concurrent.ThreadPoolExecutor.runWorker(ThreadPoolExecutor.java:1128)
	at java.base/java.util.concurrent.ThreadPoolExecutor$Worker.run(ThreadPoolExecutor.java:628)
	at java.base/java.lang.Thread.run(Thread.java:835)
</pre></div></td>
<td>31</td>
<td>GoProTests.DEtests@33aeca0b</td></tr>
</table><p>
<table width='100%' border='1' class='invocation-passed'>
<tr><td colspan='4' align='center'><b>PASSED TESTS</b></td></tr>
<tr><td><b>Test method</b></td>
<td width="30%"><b>Exception</b></td>
<td width="10%"><b>Time (seconds)</b></td>
<td><b>Instance</b></td>
</tr>
<tr>
<td title='GoProTests.ITtest.addcamera()'><b>addcamera</b><br>Test class: GoProTests.ITtest</td>
<td></td>
<td>23</td>
<td>GoProTests.ITtest@43aaf813</td></tr>
<tr>
<td title='GoProTests.EStest.addcamera()'><b>addcamera</b><br>Test class: GoProTests.EStest</td>
<td></td>
<td>24</td>
<td>GoProTests.EStest@5c18016b</td></tr>
<tr>
<td title='GoProTests.RoTest.addcamera()'><b>addcamera</b><br>Test class: GoProTests.RoTest</td>
<td></td>
<td>25</td>
<td>GoProTests.RoTest@1951b871</td></tr>
<tr>
<td title='GoProTests.DEtests.addcamera()'><b>addcamera</b><br>Test class: GoProTests.DEtests</td>
<td></td>
<td>25</td>
<td>GoProTests.DEtests@33aeca0b</td></tr>
<tr>
<td title='GoProTests.RoTest.remove1stcamera()'><b>remove1stcamera</b><br>Test class: GoProTests.RoTest</td>
<td></td>
<td>15</td>
<td>GoProTests.RoTest@1951b871</td></tr>
<tr>
<td title='GoProTests.ITtest.remove1stcamera()'><b>remove1stcamera</b><br>Test class: GoProTests.ITtest</td>
<td></td>
<td>16</td>
<td>GoProTests.ITtest@43aaf813</td></tr>
<tr>
<td title='GoProTests.EStest.remove1stcamera()'><b>remove1stcamera</b><br>Test class: GoProTests.EStest</td>
<td></td>
<td>18</td>
<td>GoProTests.EStest@5c18016b</td></tr>
<tr>
<td title='GoProTests.DEtests.remove1stcamera()'><b>remove1stcamera</b><br>Test class: GoProTests.DEtests</td>
<td></td>
<td>21</td>
<td>GoProTests.DEtests@33aeca0b</td></tr>
<tr>
<td title='GoProTests.RoTest.remove2ndcamera()'><b>remove2ndcamera</b><br>Test class: GoProTests.RoTest</td>
<td></td>
<td>12</td>
<td>GoProTests.RoTest@1951b871</td></tr>
<tr>
<td title='GoProTests.ITtest.remove2ndcamera()'><b>remove2ndcamera</b><br>Test class: GoProTests.ITtest</td>
<td></td>
<td>12</td>
<td>GoProTests.ITtest@43aaf813</td></tr>
<tr>
<td title='GoProTests.EStest.remove2ndcamera()'><b>remove2ndcamera</b><br>Test class: GoProTests.EStest</td>
<td></td>
<td>14</td>
<td>GoProTests.EStest@5c18016b</td></tr>
<tr>
<td title='GoProTests.DEtests.remove2ndcamera()'><b>remove2ndcamera</b><br>Test class: GoProTests.DEtests</td>
<td></td>
<td>14</td>
<td>GoProTests.DEtests@33aeca0b</td></tr>
</table><p>
</body>
</html>