<?xml version="1.0" encoding="UTF-8"?>
<!-- Generated by org.testng.reporters.JUnitXMLReporter -->
<testsuite ignored="0" hostname="BUH-M-TQDFVH" failures="4" tests="16" name="exampletest1" time="126.669" errors="0" timestamp="30 Aug 2019 12:50:37 GMT">
  <testcase classname="GoProTests.ITtest" name="addcamera" time="23.721"/>
  <testcase classname="GoProTests.EStest" name="addcamera" time="24.802"/>
  <testcase classname="GoProTests.RoTest" name="addcamera" time="25.36"/>
  <testcase classname="GoProTests.DEtests" name="addcamera" time="25.702"/>
  <testcase classname="GoProTests.RoTest" name="remove1stcamera" time="15.969"/>
  <testcase classname="GoProTests.ITtest" name="remove1stcamera" time="16.49"/>
  <testcase classname="GoProTests.EStest" name="remove1stcamera" time="18.353"/>
  <testcase classname="GoProTests.DEtests" name="remove1stcamera" time="21.118"/>
  <testcase classname="GoProTests.RoTest" name="remove2ndcamera" time="12.321"/>
  <testcase classname="GoProTests.ITtest" name="remove2ndcamera" time="12.682"/>
  <testcase classname="GoProTests.EStest" name="remove2ndcamera" time="14.05"/>
  <testcase classname="GoProTests.DEtests" name="remove2ndcamera" time="14.554"/>
  <testcase classname="GoProTests.RoTest" name="negativetesting" time="13.759">
    <failure type="java.lang.AssertionError" message="expected [false] but found [true]">
      <![CDATA[java.lang.AssertionError: expected [false] but found [true]
at GoProTests.RoTest.negativetesting(RoTest.java:82)
at java.base/java.util.concurrent.ThreadPoolExecutor.runWorker(ThreadPoolExecutor.java:1128)
at java.base/java.util.concurrent.ThreadPoolExecutor$Worker.run(ThreadPoolExecutor.java:628)
at java.base/java.lang.Thread.run(Thread.java:835)
... Removed 14 stack frames]]>
    </failure>
  </testcase> <!-- negativetesting -->
  <testcase classname="GoProTests.ITtest" name="negativetesting" time="14.679">
    <failure type="java.lang.AssertionError" message="expected [false] but found [true]">
      <![CDATA[java.lang.AssertionError: expected [false] but found [true]
at GoProTests.ITtest.negativetesting(ITtest.java:83)
at java.base/java.util.concurrent.ThreadPoolExecutor.runWorker(ThreadPoolExecutor.java:1128)
at java.base/java.util.concurrent.ThreadPoolExecutor$Worker.run(ThreadPoolExecutor.java:628)
at java.base/java.lang.Thread.run(Thread.java:835)
... Removed 14 stack frames]]>
    </failure>
  </testcase> <!-- negativetesting -->
  <testcase classname="GoProTests.EStest" name="negativetesting" time="31.111">
    <failure type="java.lang.AssertionError" message="expected [false] but found [true]">
      <![CDATA[java.lang.AssertionError: expected [false] but found [true]
at GoProTests.EStest.negativetesting(EStest.java:82)
at java.base/java.util.concurrent.ThreadPoolExecutor.runWorker(ThreadPoolExecutor.java:1128)
at java.base/java.util.concurrent.ThreadPoolExecutor$Worker.run(ThreadPoolExecutor.java:628)
at java.base/java.lang.Thread.run(Thread.java:835)
... Removed 14 stack frames]]>
    </failure>
  </testcase> <!-- negativetesting -->
  <testcase classname="GoProTests.DEtests" name="negativetesting" time="31.178">
    <failure type="java.lang.AssertionError" message="expected [false] but found [true]">
      <![CDATA[java.lang.AssertionError: expected [false] but found [true]
at GoProTests.DEtests.negativetesting(DEtests.java:80)
at java.base/java.util.concurrent.ThreadPoolExecutor.runWorker(ThreadPoolExecutor.java:1128)
at java.base/java.util.concurrent.ThreadPoolExecutor$Worker.run(ThreadPoolExecutor.java:628)
at java.base/java.lang.Thread.run(Thread.java:835)
... Removed 14 stack frames]]>
    </failure>
  </testcase> <!-- negativetesting -->
</testsuite> <!-- exampletest1 -->
